\BOOKMARK [0][-]{chapter.1}{\376\377\000I\000n\000t\000r\000o\000d\000u\000\347\000\343\000o}{}% 1
\BOOKMARK [1][-]{section.1.1}{\376\377\000C\000o\000n\000t\000e\000\372\000d\000o\000\040\000g\000e\000r\000a\000l}{chapter.1}% 2
\BOOKMARK [2][-]{subsection.1.1.1}{\376\377\000P\000a\000c\000o\000t\000e\000\040\000e\000s\000t\000r\000u\000t\000a\000r\000q\000.\000d\000a\000d\000o}{section.1.1}% 3
\BOOKMARK [3][-]{subsubsection*.3}{\376\377\000M\000\363\000d\000u\000l\000o\000\040\000e\000s\000t\000r\000u\000t\000a\000r\000q\000.\000d\000a\000d\000o\000\137\000c\000o\000m\000u\000m}{subsection.1.1.1}% 4
\BOOKMARK [4][-]{paragraph*.4}{\376\377\000D\000a\000d\000o\000\040\000b\000r\000u\000t\000o}{subsubsection*.3}% 5
\BOOKMARK [4][-]{paragraph*.10}{\376\377\000D\000a\000d\000o\000\040\000c\000o\000m\000\040\000t\000e\000r\000m\000i\000n\000a\000d\000o\000r}{subsubsection*.3}% 6
\BOOKMARK [4][-]{paragraph*.17}{\376\377\000D\000a\000d\000o\000\040\000p\000r\000e\000f\000i\000x\000a\000d\000o\000\040\000p\000e\000l\000o\000\040\000c\000o\000m\000p\000r\000i\000m\000e\000n\000t\000o}{subsubsection*.3}% 7
\BOOKMARK [4][-]{paragraph*.23}{\376\377\000D\000a\000d\000o\000\040\000b\000i\000n\000\341\000r\000i\000o}{subsubsection*.3}% 8
\BOOKMARK [4][-]{paragraph*.29}{\376\377\000D\000a\000d\000o\000\040\000d\000e\000\040\000c\000o\000m\000p\000r\000i\000m\000e\000n\000t\000o\000\040\000f\000i\000x\000o}{subsubsection*.3}% 9
\BOOKMARK [4][-]{paragraph*.36}{\376\377\000D\000a\000d\000o\000\040\000b\000\341\000s\000i\000c\000o}{subsubsection*.3}% 10
\BOOKMARK [2][-]{subsection.1.1.2}{\376\377\000e\000s\000t\000r\000u\000t\000a\000r\000q\000.\000c\000a\000m\000p\000o\000\040\000p\000a\000c\000k\000a\000g\000e}{section.1.1}% 11
\BOOKMARK [3][-]{subsubsection*.46}{\376\377\000S\000u\000b\000m\000o\000d\000u\000l\000e\000s}{subsection.1.1.2}% 12
\BOOKMARK [3][-]{subsubsection*.47}{\376\377\000e\000s\000t\000r\000u\000t\000a\000r\000q\000.\000c\000a\000m\000p\000o\000.\000c\000a\000m\000p\000o\000\137\000c\000a\000d\000e\000i\000a\000\040\000m\000o\000d\000u\000l\000e}{subsection.1.1.2}% 13
\BOOKMARK [3][-]{subsubsection*.55}{\376\377\000e\000s\000t\000r\000u\000t\000a\000r\000q\000.\000c\000a\000m\000p\000o\000.\000c\000a\000m\000p\000o\000\137\000c\000o\000m\000u\000m\000\040\000m\000o\000d\000u\000l\000e}{subsection.1.1.2}% 14
\BOOKMARK [3][-]{subsubsection*.70}{\376\377\000e\000s\000t\000r\000u\000t\000a\000r\000q\000.\000c\000a\000m\000p\000o\000.\000c\000a\000m\000p\000o\000\137\000i\000n\000t\000e\000i\000r\000o\000\040\000m\000o\000d\000u\000l\000e}{subsection.1.1.2}% 15
\BOOKMARK [3][-]{subsubsection*.82}{\376\377\000e\000s\000t\000r\000u\000t\000a\000r\000q\000.\000c\000a\000m\000p\000o\000.\000c\000a\000m\000p\000o\000\137\000r\000e\000a\000l\000\040\000m\000o\000d\000u\000l\000e}{subsection.1.1.2}% 16
\BOOKMARK [3][-]{subsubsection*.93}{\376\377\000e\000s\000t\000r\000u\000t\000a\000r\000q\000.\000c\000a\000m\000p\000o\000.\000c\000a\000m\000p\000o\000\137\000t\000e\000m\000p\000o\000\040\000m\000o\000d\000u\000l\000e}{subsection.1.1.2}% 17
\BOOKMARK [3][-]{subsubsection*.115}{\376\377\000M\000o\000d\000u\000l\000e\000\040\000c\000o\000n\000t\000e\000n\000t\000s}{subsection.1.1.2}% 18
\BOOKMARK [2][-]{subsection.1.1.3}{\376\377\000P\000a\000c\000o\000t\000e\000\040\000e\000s\000t\000r\000u\000t\000a\000r\000q\000.\000r\000e\000g\000i\000s\000t\000r\000o}{section.1.1}% 19
\BOOKMARK [3][-]{subsubsection*.116}{\376\377\000M\000\363\000d\000u\000l\000o\000\040\000e\000s\000t\000r\000u\000t\000a\000r\000q\000.\000r\000e\000g\000i\000s\000t\000r\000o\000.\000r\000e\000g\000i\000s\000t\000r\000o\000\137\000c\000o\000m\000u\000m}{subsection.1.1.3}% 20
\BOOKMARK [2][-]{subsection.1.1.4}{\376\377\000e\000s\000t\000r\000u\000t\000a\000r\000q\000.\000a\000r\000q\000u\000i\000v\000o\000\040\000p\000a\000c\000k\000a\000g\000e}{section.1.1}% 21
\BOOKMARK [3][-]{subsubsection*.131}{\376\377\000S\000u\000b\000m\000o\000d\000u\000l\000e\000s}{subsection.1.1.4}% 22
\BOOKMARK [3][-]{subsubsection*.132}{\376\377\000e\000s\000t\000r\000u\000t\000a\000r\000q\000.\000a\000r\000q\000u\000i\000v\000o\000.\000a\000r\000q\000u\000i\000v\000o\000\137\000c\000o\000m\000u\000m\000\040\000m\000o\000d\000u\000l\000e}{subsection.1.1.4}% 23
\BOOKMARK [3][-]{subsubsection*.145}{\376\377\000M\000o\000d\000u\000l\000e\000\040\000c\000o\000n\000t\000e\000n\000t\000s}{subsection.1.1.4}% 24
\BOOKMARK [2][-]{subsection.1.1.5}{\376\377\000e\000s\000t\000r\000u\000t\000a\000r\000q\000.\000u\000t\000i\000l\000i\000t\000a\000r\000i\000o\000s\000\040\000p\000a\000c\000k\000a\000g\000e}{section.1.1}% 25
\BOOKMARK [3][-]{subsubsection*.146}{\376\377\000S\000u\000b\000m\000o\000d\000u\000l\000e\000s}{subsection.1.1.5}% 26
\BOOKMARK [3][-]{subsubsection*.147}{\376\377\000e\000s\000t\000r\000u\000t\000a\000r\000q\000.\000u\000t\000i\000l\000i\000t\000a\000r\000i\000o\000s\000.\000d\000i\000s\000c\000o\000\040\000m\000o\000d\000u\000l\000e}{subsection.1.1.5}% 27
\BOOKMARK [3][-]{subsubsection*.150}{\376\377\000e\000s\000t\000r\000u\000t\000a\000r\000q\000.\000u\000t\000i\000l\000i\000t\000a\000r\000i\000o\000s\000.\000d\000i\000s\000p\000o\000s\000i\000t\000i\000v\000o\000\040\000m\000o\000d\000u\000l\000e}{subsection.1.1.5}% 28
\BOOKMARK [3][-]{subsubsection*.153}{\376\377\000e\000s\000t\000r\000u\000t\000a\000r\000q\000.\000u\000t\000i\000l\000i\000t\000a\000r\000i\000o\000s\000.\000g\000e\000r\000a\000l\000\040\000m\000o\000d\000u\000l\000e}{subsection.1.1.5}% 29
\BOOKMARK [3][-]{subsubsection*.155}{\376\377\000e\000s\000t\000r\000u\000t\000a\000r\000q\000.\000u\000t\000i\000l\000i\000t\000a\000r\000i\000o\000s\000.\000i\000n\000t\000e\000r\000p\000r\000e\000t\000a\000d\000o\000r\000\040\000m\000o\000d\000u\000l\000e}{subsection.1.1.5}% 30
\BOOKMARK [3][-]{subsubsection*.156}{\376\377\000M\000o\000d\000u\000l\000e\000\040\000c\000o\000n\000t\000e\000n\000t\000s}{subsection.1.1.5}% 31
\BOOKMARK [0][-]{section*.157}{\376\377\000\315\000n\000d\000i\000c\000e\000\040\000d\000e\000\040\000M\000\363\000d\000u\000l\000o\000s\000\040\000P\000y\000t\000h\000o\000n}{}% 32
\BOOKMARK [0][-]{section*.158}{\376\377\000\315\000n\000d\000i\000c\000e}{}% 33
